<?xml version="1.0" encoding="UTF-8"?>
<!-- Generated by org.testng.reporters.JUnitReportReporter -->
<testsuite skipped="0" hostname="DESKTOP-4RPNIBR" name="org.excel.project1" tests="1" failures="0" timestamp="25 Apr 2020 19:34:49 GMT" time="50.053" errors="0">
  <testcase name="browser" time="50.053" classname="org.excel.project1"/>
</testsuite> <!-- org.excel.project1 -->
