<?xml version="1.0" encoding="UTF-8"?>
<!-- Generated by org.testng.reporters.JUnitReportReporter -->
<testsuite skipped="0" hostname="DESKTOP-4RPNIBR" name="org.excel.Exce" tests="6" failures="0" timestamp="18 Apr 2020 12:01:34 GMT" time="4.331" errors="0">
  <testcase name="values" time="0.446" classname="org.excel.Exce"/>
  <testcase name="values" time="0.399" classname="org.excel.Exce"/>
  <testcase name="values" time="0.390" classname="org.excel.Exce"/>
  <testcase name="values" time="0.406" classname="org.excel.Exce"/>
  <testcase name="values" time="2.257" classname="org.excel.Exce"/>
  <testcase name="values" time="0.433" classname="org.excel.Exce"/>
</testsuite> <!-- org.excel.Exce -->
